[debug] [2025-10-28T15:31:18.961Z] ----------------------------------------------------------------------
[debug] [2025-10-28T15:31:18.965Z] Command:       C:\nvm4w\nodejs\node.exe C:\Users\wilyr\AppData\Roaming\npm\node_modules\firebase-tools\lib\bin\firebase.js projects:create BALENS
[debug] [2025-10-28T15:31:18.966Z] CLI Version:   14.22.0
[debug] [2025-10-28T15:31:18.966Z] Platform:      win32
[debug] [2025-10-28T15:31:18.967Z] Node Version:  v22.14.0
[debug] [2025-10-28T15:31:18.967Z] Time:          Tue Oct 28 2025 10:31:18 GMT-0500 (hora estándar de Perú)
[debug] [2025-10-28T15:31:18.967Z] ----------------------------------------------------------------------
[debug] 
[debug] [2025-10-28T15:31:18.977Z] > command requires scopes: ["email","openid","https://www.googleapis.com/auth/cloudplatformprojects.readonly","https://www.googleapis.com/auth/firebase","https://www.googleapis.com/auth/cloud-platform"]
[debug] [2025-10-28T15:31:18.978Z] > authorizing via signed-in user (wilyramos21@gmail.com)
[debug] [2025-10-28T15:31:24.919Z] Checked if tokens are valid: true, expires at: 1761667869140
[debug] [2025-10-28T15:31:24.920Z] Checked if tokens are valid: true, expires at: 1761667869140
[debug] [2025-10-28T15:31:24.922Z] >>> [apiv2][query] POST https://cloudresourcemanager.googleapis.com/v1/projects [none]
[debug] [2025-10-28T15:31:24.922Z] >>> [apiv2][body] POST https://cloudresourcemanager.googleapis.com/v1/projects {"projectId":"BALENS","name":"BALENS"}
[debug] [2025-10-28T15:31:26.256Z] <<< [apiv2][status] POST https://cloudresourcemanager.googleapis.com/v1/projects 400
[debug] [2025-10-28T15:31:26.256Z] <<< [apiv2][body] POST https://cloudresourcemanager.googleapis.com/v1/projects {"error":{"code":400,"message":"field [project_id] has issue [project_id contains invalid characters]","status":"INVALID_ARGUMENT","details":[{"@type":"type.googleapis.com/google.rpc.BadRequest","fieldViolations":[{"field":"project_id","description":"project_id contains invalid characters"}]},{"@type":"type.googleapis.com/google.rpc.Help","links":[{"url":"https://cloud.google.com/resource-manager/reference/rest/v1/projects"}]}]}}
[debug] [2025-10-28T15:31:26.598Z] FirebaseError: Request to https://cloudresourcemanager.googleapis.com/v1/projects had HTTP Error: 400, field [project_id] has issue [project_id contains invalid characters]
    at responseToError (C:\Users\wilyr\AppData\Roaming\npm\node_modules\firebase-tools\lib\responseToError.js:53:12)
    at RetryOperation._fn (C:\Users\wilyr\AppData\Roaming\npm\node_modules\firebase-tools\lib\apiv2.js:312:77)
    at process.processTicksAndRejections (node:internal/process/task_queues:105:5)
[error] 
[error] Error: Failed to create project. See firebase-debug.log for more info.
